<?xml version="1.0" encoding="UTF-8"?>
<testsuite xmlns:xsi="http://www.w3.org/2001/XMLSchema-instance" xsi:noNamespaceSchemaLocation="https://maven.apache.org/surefire/maven-surefire-plugin/xsd/surefire-test-report.xsd" name="com.xuecheng.system.test.CourseCategoryMapperTest" time="8.544" tests="1" errors="0" skipped="0" failures="0">
  <properties>
[...]
</properties>
  <testcase name="testQueryTreeNodes" classname="com.xuecheng.system.test.CourseCategoryMapperTest" time="0.267"/>
</testsuite>